system_time     d_time  counts  d_c     CPM     DRE
0.006           0.006           0       0          0.000           0.000
12.007          12.001          8       8         39.997           0.268
24.008          12.001          10      2          9.999           0.067
36.009          12.001          15      5         24.998           0.167
48.011          12.002          19      4         19.997           0.134
60.012          12.001          25      6         29.997           0.201
72.013          12.001          28      3         14.999           0.100
84.015          12.002          29      1          4.999           0.033
96.016          12.001          31      2          9.999           0.067
108.017         12.001          38      7         34.997           0.234
120.018         12.001          39      1          5.000           0.033
132.020         12.002          44      5         24.996           0.167
144.021         12.001          47      3         14.999           0.100
156.022         12.001          50      3         14.999           0.100
168.024         12.002          53      3         14.998           0.100
180.025         12.001          53      0          0.000           0.000
192.026         12.001          56      3         14.999           0.100
204.027         12.001          60      4         19.998           0.134
216.029         12.002          62      2          9.998           0.067
228.030         12.001          62      0          0.000           0.000
240.031         12.001          68      6         29.997           0.201
252.033         12.002          71      3         14.998           0.100
264.034         12.001          77      6         29.997           0.201
276.035         12.001          81      4         19.998           0.134
288.036         12.001          84      3         14.999           0.100
300.038         12.002          87      3         14.998           0.100
312.039         12.001          89      2          9.999           0.067
324.040         12.001          92      3         14.999           0.100
336.041         12.001          93      1          5.000           0.033
348.043         12.002          95      2          9.998           0.067
360.044         12.001          100     5         24.998           0.167
372.045         12.001          102     2          9.999           0.067
384.047         12.002          104     2          9.998           0.067
396.048         12.001          105     1          5.000           0.033
408.049         12.001          108     3         14.999           0.100
420.050         12.001          111     3         14.999           0.100
432.052         12.002          112     1          4.999           0.033
444.053         12.001          112     0          0.000           0.000
456.054         12.001          114     2          9.999           0.067
468.056         12.002          118     4         19.997           0.134
480.057         12.001          120     2          9.999           0.067
492.058         12.001          121     1          5.000           0.033
504.059         12.001          122     1          5.000           0.033
516.061         12.002          125     3         14.998           0.100
528.062         12.001          128     3         14.999           0.100
540.063         12.001          132     4         19.998           0.134
552.065         12.002          134     2          9.998           0.067
564.066         12.001          136     2          9.999           0.067
576.067         12.001          142     6         29.997           0.201
588.068         12.001          142     0          0.000           0.000
600.070         12.002          144     2          9.998           0.067
612.071         12.001          147     3         14.999           0.100
624.072         12.001          149     2          9.999           0.067
636.073         12.001          154     5         24.998           0.167
648.075         12.002          155     1          4.999           0.033
660.076         12.001          157     2          9.999           0.067
672.077         12.001          159     2          9.999           0.067
684.079         12.002          165     6         29.995           0.201
696.080         12.001          167     2          9.999           0.067
708.081         12.001          171     4         19.998           0.134
720.082         12.001          174     3         14.999           0.100
732.084         12.002          178     4         19.997           0.134
744.085         12.001          180     2          9.999           0.067
756.086         12.001          184     4         19.998           0.134
768.088         12.002          189     5         24.996           0.167
780.089         12.001          193     4         19.998           0.134
792.090         12.001          194     1          5.000           0.033
804.091         12.001          200     6         29.997           0.201
816.093         12.002          203     3         14.998           0.100
828.094         12.001          207     4         19.998           0.134
840.095         12.001          208     1          5.000           0.033
852.097         12.002          213     5         24.996           0.167
864.098         12.001          215     2          9.999           0.067
876.099         12.001          218     3         14.999           0.100
888.100         12.001          220     2          9.999           0.067
900.102         12.002          222     2          9.998           0.067
912.103         12.001          226     4         19.998           0.134
924.104         12.001          228     2          9.999           0.067
936.105         12.001          234     6         29.997           0.201
948.107         12.002          240     6         29.995           0.201
960.108         12.001          242     2          9.999           0.067
972.109         12.001          249     7         34.997           0.234
984.111         12.002          254     5         24.996           0.167
996.112         12.001          259     5         24.998           0.167
1008.113        12.001          262     3         14.999           0.100
1020.114        12.001          263     1          5.000           0.033
1032.116        12.002          265     2          9.998           0.067
1044.117        12.001          270     5         24.998           0.167
1056.118        12.001          272     2          9.999           0.067
1068.120        12.002          275     3         14.998           0.100
1080.121        12.001          276     1          5.000           0.033
1092.122        12.001          276     0          0.000           0.000
1104.123        12.001          278     2          9.999           0.067
1116.125        12.002          281     3         14.998           0.100
1128.126        12.001          282     1          5.000           0.033
1140.127        12.001          286     4         19.998           0.134
1152.129        12.002          286     0          0.000           0.000
1164.130        12.001          288     2          9.999           0.067
1176.131        12.001          293     5         24.998           0.167
1188.132        12.001          295     2          9.999           0.067
1200.134        12.002          298     3         14.998           0.100
1212.135        12.001          301     3         14.999           0.100
1224.136        12.001          303     2          9.999           0.067
1236.137        12.001          309     6         29.997           0.201
1248.139        12.002          314     5         24.996           0.167
1260.140        12.001          315     1          5.000           0.033
1272.141        12.001          317     2          9.999           0.067
1284.143        12.002          323     6         29.995           0.201
1296.144        12.001          327     4         19.998           0.134
1308.145        12.001          331     4         19.998           0.134
1320.146        12.001          333     2          9.999           0.067
1332.148        12.002          341     8         39.993           0.268
1344.149        12.001          343     2          9.999           0.067
1356.150        12.001          347     4         19.998           0.134
1368.152        12.002          351     4         19.997           0.134
1380.153        12.001          355     4         19.998           0.134
1392.154        12.001          359     4         19.998           0.134
1404.155        12.001          363     4         19.998           0.134
1416.157        12.002          364     1          4.999           0.033
1428.158        12.001          371     7         34.997           0.234
1440.159        12.001          375     4         19.998           0.134
1452.161        12.002          378     3         14.998           0.100
1464.162        12.001          382     4         19.998           0.134
1476.163        12.001          382     0          0.000           0.000
1488.164        12.001          384     2          9.999           0.067
1500.166        12.002          386     2          9.998           0.067
1512.167        12.001          391     5         24.998           0.167
1524.168        12.001          395     4         19.998           0.134
1536.169        12.001          397     2          9.999           0.067
1548.171        12.002          400     3         14.998           0.100
1560.172        12.001          403     3         14.999           0.100
1572.173        12.001          403     0          0.000           0.000
1584.175        12.002          405     2          9.998           0.067
1596.176        12.001          407     2          9.999           0.067
1608.177        12.001          408     1          5.000           0.033
1620.178        12.001          410     2          9.999           0.067
1632.180        12.002          413     3         14.998           0.100
1644.181        12.001          414     1          5.000           0.033
1656.182        12.001          418     4         19.998           0.134
1668.184        12.002          419     1          4.999           0.033
1680.185        12.001          424     5         24.998           0.167
1692.186        12.001          427     3         14.999           0.100
1704.187        12.001          430     3         14.999           0.100
1716.189        12.002          432     2          9.998           0.067
1728.190        12.001          436     4         19.998           0.134
1740.191        12.001          441     5         24.998           0.167
1752.193        12.002          448     7         34.994           0.234
1764.194        12.001          448     0          0.000           0.000
1776.195        12.001          452     4         19.998           0.134
1788.196        12.001          456     4         19.998           0.134
1800.198        12.002          460     4         19.997           0.134
1812.199        12.001          464     4         19.998           0.134
1824.200        12.001          466     2          9.999           0.067
1836.201        12.001          470     4         19.998           0.134
1848.203        12.002          474     4         19.997           0.134
1860.204        12.001          478     4         19.998           0.134
1872.205        12.001          482     4         19.998           0.134
1884.207        12.002          485     3         14.998           0.100
1896.208        12.001          487     2          9.999           0.067
1908.209        12.001          491     4         19.998           0.134
1920.210        12.001          495     4         19.998           0.134
1932.212        12.002          500     5         24.996           0.167
1944.213        12.001          505     5         24.998           0.167
1956.214        12.001          512     7         34.997           0.234
1968.216        12.002          515     3         14.998           0.100
1980.217        12.001          520     5         24.998           0.167
1992.218        12.001          524     4         19.998           0.134
2004.219        12.001          525     1          5.000           0.033
2016.221        12.002          531     6         29.995           0.201
2028.222        12.001          532     1          5.000           0.033
2040.223        12.001          535     3         14.999           0.100
2052.225        12.002          540     5         24.996           0.167
2064.226        12.001          543     3         14.999           0.100
2076.227        12.001          545     2          9.999           0.067
2088.228        12.001          549     4         19.998           0.134
2100.230        12.002          557     8         39.993           0.268
2112.231        12.001          561     4         19.998           0.134
2124.232        12.001          567     6         29.997           0.201
2136.233        12.001          568     1          5.000           0.033
2148.235        12.002          569     1          4.999           0.033
2160.236        12.001          575     6         29.997           0.201
2172.237        12.001          580     5         24.998           0.167
2184.239        12.002          581     1          4.999           0.033
2196.240        12.001          584     3         14.999           0.100
2208.241        12.001          585     1          5.000           0.033
2220.242        12.001          590     5         24.998           0.167
2232.244        12.002          592     2          9.998           0.067
2244.245        12.001          596     4         19.998           0.134
2256.246        12.001          599     3         14.999           0.100
2268.248        12.002          601     2          9.998           0.067
2280.249        12.001          603     2          9.999           0.067
2292.250        12.001          605     2          9.999           0.067
2304.251        12.001          607     2          9.999           0.067
2316.253        12.002          608     1          4.999           0.033
2328.254        12.001          609     1          5.000           0.033
2340.255        12.001          610     1          5.000           0.033
2352.257        12.002          611     1          4.999           0.033
2364.258        12.001          617     6         29.997           0.201
2376.259        12.001          621     4         19.998           0.134
2388.260        12.001          622     1          5.000           0.033
2400.262        12.002          625     3         14.998           0.100
2412.263        12.001          627     2          9.999           0.067
2424.264        12.001          628     1          5.000           0.033
2436.265        12.001          629     1          5.000           0.033
2448.267        12.002          634     5         24.996           0.167
2460.268        12.001          637     3         14.999           0.100
2472.269        12.001          637     0          0.000           0.000
2484.271        12.002          643     6         29.995           0.201
2496.272        12.001          649     6         29.997           0.201
2508.273        12.001          654     5         24.998           0.167
2520.274        12.001          660     6         29.997           0.201
2532.276        12.002          661     1          4.999           0.033
2544.277        12.001          666     5         24.998           0.167
2556.278        12.001          669     3         14.999           0.100
2568.280        12.002          671     2          9.998           0.067
2580.281        12.001          674     3         14.999           0.100
2592.282        12.001          676     2          9.999           0.067
2604.283        12.001          677     1          5.000           0.033
2616.285        12.002          681     4         19.997           0.134
2628.286        12.001          682     1          5.000           0.033
2640.287        12.001          684     2          9.999           0.067
2652.289        12.002          686     2          9.998           0.067
2664.290        12.001          687     1          5.000           0.033
2676.291        12.001          687     0          0.000           0.000
2688.292        12.001          691     4         19.998           0.134
2700.294        12.002          694     3         14.998           0.100
2712.295        12.001          699     5         24.998           0.167
2724.296        12.001          699     0          0.000           0.000
2736.297        12.001          706     7         34.997           0.234
2748.299        12.002          709     3         14.998           0.100
2760.300        12.001          713     4         19.998           0.134
2772.301        12.001          716     3         14.999           0.100
2784.303        12.002          720     4         19.997           0.134
2796.304        12.001          725     5         24.998           0.167
2808.305        12.001          729     4         19.998           0.134
2820.306        12.001          729     0          0.000           0.000
2832.308        12.002          730     1          4.999           0.033
2844.309        12.001          732     2          9.999           0.067
2856.310        12.001          735     3         14.999           0.100
2868.312        12.002          737     2          9.998           0.067
2880.313        12.001          739     2          9.999           0.067
2892.314        12.001          741     2          9.999           0.067
2904.315        12.001          745     4         19.998           0.134
2916.317        12.002          748     3         14.998           0.100
2928.318        12.001          748     0          0.000           0.000
2940.319        12.001          750     2          9.999           0.067
2952.321        12.002          753     3         14.998           0.100
2964.322        12.001          756     3         14.999           0.100
2976.323        12.001          759     3         14.999           0.100
2988.324        12.001          766     7         34.997           0.234
3000.326        12.002          769     3         14.998           0.100
3012.327        12.001          772     3         14.999           0.100
3024.328        12.001          774     2          9.999           0.067
3036.329        12.001          777     3         14.999           0.100
3048.331        12.002          781     4         19.997           0.134
3060.332        12.001          784     3         14.999           0.100
3072.333        12.001          785     1          5.000           0.033
3084.335        12.002          787     2          9.998           0.067
3096.336        12.001          788     1          5.000           0.033
3108.337        12.001          791     3         14.999           0.100
3120.338        12.001          794     3         14.999           0.100
3132.340        12.002          796     2          9.998           0.067
3144.341        12.001          798     2          9.999           0.067
3156.342        12.001          802     4         19.998           0.134
3168.344        12.002          807     5         24.996           0.167
3180.345        12.001          808     1          5.000           0.033
3192.346        12.001          811     3         14.999           0.100
3204.347        12.001          816     5         24.998           0.167
3216.349        12.002          820     4         19.997           0.134
3228.350        12.001          822     2          9.999           0.067
3240.351        12.001          824     2          9.999           0.067
3252.353        12.002          827     3         14.998           0.100
3264.354        12.001          831     4         19.998           0.134
3276.355        12.001          834     3         14.999           0.100
3288.356        12.001          837     3         14.999           0.100
3300.358        12.002          838     1          4.999           0.033
3312.359        12.001          844     6         29.997           0.201
3324.360        12.001          847     3         14.999           0.100
3336.361        12.001          848     1          5.000           0.033
3348.363        12.002          852     4         19.997           0.134
3360.364        12.001          854     2          9.999           0.067
3372.365        12.001          855     1          5.000           0.033
3384.367        12.002          859     4         19.997           0.134
3396.368        12.001          861     2          9.999           0.067
3408.369        12.001          866     5         24.998           0.167
3420.370        12.001          870     4         19.998           0.134
3432.372        12.002          872     2          9.998           0.067
3444.373        12.001          874     2          9.999           0.067
3456.374        12.001          875     1          5.000           0.033
3468.376        12.002          880     5         24.996           0.167
3480.377        12.001          887     7         34.997           0.234
3492.378        12.001          889     2          9.999           0.067
3504.379        12.001          891     2          9.999           0.067
3516.381        12.002          892     1          4.999           0.033
3528.382        12.001          895     3         14.999           0.100
3540.383        12.001          897     2          9.999           0.067
3552.385        12.002          901     4         19.997           0.134
3564.386        12.001          905     4         19.998           0.134
3576.387        12.001          909     4         19.998           0.134
3588.388        12.001          912     3         14.999           0.100
3600.390        12.002          916     4         19.997           0.134
3612.391        12.001          920     4         19.998           0.134
3624.392        12.001          927     7         34.997           0.234
3636.393        12.001          932     5         24.998           0.167
3648.395        12.002          935     3         14.998           0.100
3660.396        12.001          941     6         29.997           0.201
3672.397        12.001          943     2          9.999           0.067
3684.399        12.002          947     4         19.997           0.134
3696.400        12.001          951     4         19.998           0.134
3708.401        12.001          954     3         14.999           0.100
3720.402        12.001          960     6         29.997           0.201
3732.404        12.002          963     3         14.998           0.100
3744.405        12.001          965     2          9.999           0.067
3756.406        12.001          965     0          0.000           0.000
3768.408        12.002          967     2          9.998           0.067
3780.409        12.001          970     3         14.999           0.100
3792.410        12.001          973     3         14.999           0.100
3804.411        12.001          978     5         24.998           0.167
3816.413        12.002          982     4         19.997           0.134
3828.414        12.001          991     9         44.996           0.301
3840.415        12.001          994     3         14.999           0.100
3852.417        12.002          996     2          9.998           0.067
3864.418        12.001          998     2          9.999           0.067
3876.419        12.001          1000    2          9.999           0.067
3888.420        12.001          1000    0          0.000           0.000
3900.422        12.002          1005    5         24.996           0.167
3912.423        12.001          1007    2          9.999           0.067
3924.424        12.001          1010    3         14.999           0.100
3936.425        12.001          1012    2          9.999           0.067
3948.427        12.002          1019    7         34.994           0.234
3960.428        12.001          1025    6         29.997           0.201
3972.429        12.001          1027    2          9.999           0.067
3984.431        12.002          1032    5         24.996           0.167
3996.432        12.001          1034    2          9.999           0.067
4008.433        12.001          1034    0          0.000           0.000
4020.434        12.001          1038    4         19.998           0.134
4032.436        12.002          1044    6         29.995           0.201
4044.437        12.001          1046    2          9.999           0.067
4056.438        12.001          1049    3         14.999           0.100
4068.440        12.002          1050    1          4.999           0.033
4080.441        12.001          1053    3         14.999           0.100
4092.442        12.001          1057    4         19.998           0.134
4104.443        12.001          1059    2          9.999           0.067
4116.445        12.002          1060    1          4.999           0.033
4128.446        12.001          1063    3         14.999           0.100
4140.447        12.001          1068    5         24.998           0.167
4152.449        12.002          1071    3         14.998           0.100
4164.450        12.001          1075    4         19.998           0.134
4176.451        12.001          1076    1          5.000           0.033
4188.452        12.001          1080    4         19.998           0.134
4200.454        12.002          1085    5         24.996           0.167
4212.455        12.001          1088    3         14.999           0.100
4224.456        12.001          1092    4         19.998           0.134
4236.457        12.001          1092    0          0.000           0.000
4248.459        12.002          1093    1          4.999           0.033
4260.460        12.001          1094    1          5.000           0.033
4272.461        12.001          1097    3         14.999           0.100
4284.463        12.002          1100    3         14.998           0.100
4296.464        12.001          1106    6         29.997           0.201
4308.465        12.001          1108    2          9.999           0.067
4320.466        12.001          1110    2          9.999           0.067
4332.468        12.002          1113    3         14.998           0.100
4344.469        12.001          1116    3         14.999           0.100
4356.470        12.001          1118    2          9.999           0.067
4368.472        12.002          1119    1          4.999           0.033
4380.473        12.001          1121    2          9.999           0.067
4392.474        12.001          1127    6         29.997           0.201
4404.475        12.001          1129    2          9.999           0.067
4416.477        12.002          1132    3         14.998           0.100
4428.478        12.001          1134    2          9.999           0.067
4440.479        12.001          1136    2          9.999           0.067
4452.481        12.002          1138    2          9.998           0.067
4464.482        12.001          1140    2          9.999           0.067
4476.483        12.001          1141    1          5.000           0.033
4488.484        12.001          1146    5         24.998           0.167
4500.486        12.002          1150    4         19.997           0.134
4512.487        12.001          1153    3         14.999           0.100
4524.488        12.001          1155    2          9.999           0.067
4536.489        12.001          1160    5         24.998           0.167
4548.491        12.002          1169    9         44.993           0.301
4560.492        12.001          1170    1          5.000           0.033
4572.493        12.001          1173    3         14.999           0.100
4584.495        12.002          1175    2          9.998           0.067
4596.496        12.001          1180    5         24.998           0.167
4608.497        12.001          1185    5         24.998           0.167
4620.498        12.001          1186    1          5.000           0.033
4632.500        12.002          1188    2          9.998           0.067
4644.501        12.001          1193    5         24.998           0.167
4656.502        12.001          1199    6         29.997           0.201
4668.504        12.002          1201    2          9.998           0.067
4680.505        12.001          1202    1          5.000           0.033
4692.506        12.001          1204    2          9.999           0.067
4704.507        12.001          1210    6         29.997           0.201
4716.509        12.002          1213    3         14.998           0.100
4728.510        12.001          1215    2          9.999           0.067
4740.511        12.001          1217    2          9.999           0.067
4752.513        12.002          1218    1          4.999           0.033
4764.514        12.001          1221    3         14.999           0.100
4776.515        12.001          1223    2          9.999           0.067
4788.516        12.001          1226    3         14.999           0.100
4800.518        12.002          1236    10        49.992           0.335
4812.519        12.001          1239    3         14.999           0.100
4824.520        12.001          1244    5         24.998           0.167
4836.521        12.001          1249    5         24.998           0.167
4848.523        12.002          1252    3         14.998           0.100
4860.524        12.001          1256    4         19.998           0.134
4872.525        12.001          1256    0          0.000           0.000
4884.527        12.002          1258    2          9.998           0.067
4896.528        12.001          1260    2          9.999           0.067
4908.529        12.001          1265    5         24.998           0.167
4920.530        12.001          1269    4         19.998           0.134
4932.532        12.002          1271    2          9.998           0.067
4944.533        12.001          1275    4         19.998           0.134
4956.534        12.001          1277    2          9.999           0.067
4968.536        12.002          1279    2          9.998           0.067
4980.537        12.001          1282    3         14.999           0.100
4992.538        12.001          1287    5         24.998           0.167
5004.539        12.001          1288    1          5.000           0.033
5016.541        12.002          1290    2          9.998           0.067
5028.542        12.001          1296    6         29.997           0.201
5040.543        12.001          1298    2          9.999           0.067
5052.545        12.002          1300    2          9.998           0.067
5064.546        12.001          1304    4         19.998           0.134
5076.547        12.001          1306    2          9.999           0.067
5088.548        12.001          1311    5         24.998           0.167
5100.550        12.002          1316    5         24.996           0.167
5112.551        12.001          1318    2          9.999           0.067
5124.552        12.001          1320    2          9.999           0.067
5136.553        12.001          1322    2          9.999           0.067
5148.555        12.002          1326    4         19.997           0.134
5160.556        12.001          1329    3         14.999           0.100
5172.557        12.001          1329    0          0.000           0.000
5184.559        12.002          1330    1          4.999           0.033
5196.560        12.001          1333    3         14.999           0.100
5208.561        12.001          1335    2          9.999           0.067
5220.562        12.001          1338    3         14.999           0.100
5232.564        12.002          1343    5         24.996           0.167
5244.565        12.001          1345    2          9.999           0.067
5256.566        12.001          1348    3         14.999           0.100
5268.568        12.002          1354    6         29.995           0.201
5280.569        12.001          1357    3         14.999           0.100
5292.570        12.001          1358    1          5.000           0.033
5304.571        12.001          1360    2          9.999           0.067
5316.573        12.002          1363    3         14.998           0.100
5328.574        12.001          1366    3         14.999           0.100
5340.575        12.001          1369    3         14.999           0.100
5352.577        12.002          1373    4         19.997           0.134
5364.578        12.001          1377    4         19.998           0.134
5376.579        12.001          1381    4         19.998           0.134
5388.580        12.001          1384    3         14.999           0.100
5400.582        12.002          1393    9         44.993           0.301
5412.583        12.001          1398    5         24.998           0.167
5424.584        12.001          1402    4         19.998           0.134
5436.585        12.001          1404    2          9.999           0.067
5448.587        12.002          1411    7         34.994           0.234
5460.588        12.001          1412    1          5.000           0.033
5472.589        12.001          1413    1          5.000           0.033
5484.591        12.002          1415    2          9.998           0.067
5496.592        12.001          1419    4         19.998           0.134
5508.593        12.001          1421    2          9.999           0.067
5520.594        12.001          1424    3         14.999           0.100
5532.596        12.002          1428    4         19.997           0.134
5544.597        12.001          1436    8         39.997           0.268
5556.598        12.001          1438    2          9.999           0.067
5568.600        12.002          1441    3         14.998           0.100
5580.601        12.001          1442    1          5.000           0.033
5592.602        12.001          1444    2          9.999           0.067
5604.603        12.001          1445    1          5.000           0.033
5616.605        12.002          1449    4         19.997           0.134
5628.606        12.001          1450    1          5.000           0.033
5640.607        12.001          1450    0          0.000           0.000
5652.609        12.002          1451    1          4.999           0.033
5664.610        12.001          1453    2          9.999           0.067
5676.611        12.001          1456    3         14.999           0.100
5688.612        12.001          1458    2          9.999           0.067
5700.614        12.002          1465    7         34.994           0.234
5712.615        12.001          1469    4         19.998           0.134
5724.616        12.001          1474    5         24.998           0.167
5736.617        12.001          1477    3         14.999           0.100
5748.619        12.002          1478    1          4.999           0.033
5760.620        12.001          1480    2          9.999           0.067
5772.621        12.001          1483    3         14.999           0.100
5784.623        12.002          1484    1          4.999           0.033
5796.624        12.001          1487    3         14.999           0.100
5808.625        12.001          1489    2          9.999           0.067
5820.626        12.001          1494    5         24.998           0.167
5832.628        12.002          1494    0          0.000           0.000
5844.629        12.001          1495    1          5.000           0.033
5856.630        12.001          1497    2          9.999           0.067
5868.632        12.002          1501    4         19.997           0.134
5880.633        12.001          1508    7         34.997           0.234
5892.634        12.001          1509    1          5.000           0.033
5904.635        12.001          1512    3         14.999           0.100
5916.637        12.002          1516    4         19.997           0.134
5928.638        12.001          1521    5         24.998           0.167
5940.639        12.001          1523    2          9.999           0.067
5952.641        12.002          1525    2          9.998           0.067
5964.642        12.001          1527    2          9.999           0.067
5976.643        12.001          1527    0          0.000           0.000
5988.644        12.001          1531    4         19.998           0.134
6000.646        12.002          1536    5         24.996           0.167
6012.647        12.001          1539    3         14.999           0.100
6024.648        12.001          1540    1          5.000           0.033
6036.649        12.001          1541    1          5.000           0.033
6048.651        12.002          1542    1          4.999           0.033
6060.652        12.001          1547    5         24.998           0.167
6072.653        12.001          1551    4         19.998           0.134
6084.655        12.002          1553    2          9.998           0.067
6096.656        12.001          1555    2          9.999           0.067
6108.657        12.001          1561    6         29.997           0.201
6120.658        12.001          1563    2          9.999           0.067
6132.660        12.002          1564    1          4.999           0.033
6144.661        12.001          1566    2          9.999           0.067
6156.662        12.001          1572    6         29.997           0.201
6168.664        12.002          1573    1          4.999           0.033
6180.665        12.001          1579    6         29.997           0.201
6192.666        12.001          1583    4         19.998           0.134
6204.667        12.001          1584    1          5.000           0.033
6216.669        12.002          1587    3         14.998           0.100
6228.670        12.001          1591    4         19.998           0.134
6240.671        12.001          1595    4         19.998           0.134
6252.673        12.002          1598    3         14.998           0.100
6264.674        12.001          1609    11        54.995           0.368
6276.675        12.001          1613    4         19.998           0.134
6288.676        12.001          1614    1          5.000           0.033
6300.678        12.002          1618    4         19.997           0.134
6312.679        12.001          1620    2          9.999           0.067
6324.680        12.001          1621    1          5.000           0.033
6336.681        12.001          1622    1          5.000           0.033
6348.683        12.002          1625    3         14.998           0.100
6360.684        12.001          1628    3         14.999           0.100
6372.685        12.001          1631    3         14.999           0.100
6384.687        12.002          1635    4         19.997           0.134
6396.688        12.001          1641    6         29.997           0.201
6408.689        12.001          1643    2          9.999           0.067
6420.690        12.001          1649    6         29.997           0.201
6432.692        12.002          1653    4         19.997           0.134
6444.693        12.001          1656    3         14.999           0.100
6456.694        12.001          1659    3         14.999           0.100
6468.696        12.002          1662    3         14.998           0.100
6480.697        12.001          1665    3         14.999           0.100
6492.698        12.001          1668    3         14.999           0.100
6504.699        12.001          1672    4         19.998           0.134
6516.701        12.002          1673    1          4.999           0.033
6528.702        12.001          1673    0          0.000           0.000
6540.703        12.001          1677    4         19.998           0.134
6552.705        12.002          1680    3         14.998           0.100
6564.706        12.001          1682    2          9.999           0.067
6576.707        12.001          1684    2          9.999           0.067
6588.708        12.001          1686    2          9.999           0.067
6600.710        12.002          1686    0          0.000           0.000
6612.711        12.001          1688    2          9.999           0.067
6624.712        12.001          1694    6         29.997           0.201
6636.713        12.001          1698    4         19.998           0.134
6648.715        12.002          1701    3         14.998           0.100
6660.716        12.001          1703    2          9.999           0.067
6672.717        12.001          1705    2          9.999           0.067
6684.719        12.002          1707    2          9.998           0.067
6696.720        12.001          1707    0          0.000           0.000
6708.721        12.001          1711    4         19.998           0.134
6720.722        12.001          1714    3         14.999           0.100
6732.724        12.002          1717    3         14.998           0.100
6744.725        12.001          1719    2          9.999           0.067
6756.726        12.001          1720    1          5.000           0.033
6768.728        12.002          1725    5         24.996           0.167
6780.729        12.001          1727    2          9.999           0.067
6792.730        12.001          1728    1          5.000           0.033
6804.731        12.001          1729    1          5.000           0.033
6816.733        12.002          1732    3         14.998           0.100
6828.734        12.001          1735    3         14.999           0.100
6840.735        12.001          1737    2          9.999           0.067
6852.737        12.002          1741    4         19.997           0.134
6864.738        12.001          1743    2          9.999           0.067
6876.739        12.001          1747    4         19.998           0.134
6888.740        12.001          1747    0          0.000           0.000
6900.742        12.002          1750    3         14.998           0.100
6912.743        12.001          1755    5         24.998           0.167
6924.744        12.001          1758    3         14.999           0.100
6936.745        12.001          1767    9         44.996           0.301
6948.747        12.002          1770    3         14.998           0.100
6960.748        12.001          1771    1          5.000           0.033
6972.749        12.001          1773    2          9.999           0.067
6984.751        12.002          1776    3         14.998           0.100
6996.752        12.001          1780    4         19.998           0.134
7008.753        12.001          1782    2          9.999           0.067
7020.754        12.001          1786    4         19.998           0.134
7032.756        12.002          1788    2          9.998           0.067
7044.757        12.001          1791    3         14.999           0.100
7056.758        12.001          1792    1          5.000           0.033
7068.760        12.002          1793    1          4.999           0.033
7080.761        12.001          1797    4         19.998           0.134
7092.762        12.001          1800    3         14.999           0.100
7104.763        12.001          1803    3         14.999           0.100
7116.765        12.002          1806    3         14.998           0.100
7128.766        12.001          1808    2          9.999           0.067
7140.767        12.001          1813    5         24.998           0.167
7152.769        12.002          1817    4         19.997           0.134
7164.770        12.001          1819    2          9.999           0.067
7176.771        12.001          1821    2          9.999           0.067
7188.772        12.001          1824    3         14.999           0.100
7200.774        12.002          1828    4         19.997           0.134
7212.775        12.001          1831    3         14.999           0.100
7224.776        12.001          1834    3         14.999           0.100
7236.777        12.001          1840    6         29.997           0.201
7248.779        12.002          1840    0          0.000           0.000
7260.780        12.001          1844    4         19.998           0.134
7272.781        12.001          1846    2          9.999           0.067
7284.783        12.002          1850    4         19.997           0.134
7296.784        12.001          1854    4         19.998           0.134
7308.785        12.001          1858    4         19.998           0.134
7320.786        12.001          1864    6         29.997           0.201
7332.788        12.002          1865    1          4.999           0.033
7344.789        12.001          1869    4         19.998           0.134
7356.790        12.001          1873    4         19.998           0.134
7368.792        12.002          1879    6         29.995           0.201
7380.793        12.001          1883    4         19.998           0.134
7392.794        12.001          1886    3         14.999           0.100
7404.795        12.001          1889    3         14.999           0.100
7416.797        12.002          1893    4         19.997           0.134
7428.798        12.001          1896    3         14.999           0.100
7440.799        12.001          1902    6         29.997           0.201
7452.801        12.002          1906    4         19.997           0.134
7464.802        12.001          1909    3         14.999           0.100
7476.803        12.001          1910    1          5.000           0.033
7488.804        12.001          1910    0          0.000           0.000
7500.806        12.002          1915    5         24.996           0.167
7512.807        12.001          1919    4         19.998           0.134
7524.808        12.001          1924    5         24.998           0.167
7536.809        12.001          1927    3         14.999           0.100
7548.811        12.002          1931    4         19.997           0.134
7560.812        12.001          1933    2          9.999           0.067
7572.813        12.001          1935    2          9.999           0.067
7584.815        12.002          1937    2          9.998           0.067
7596.816        12.001          1940    3         14.999           0.100
7608.817        12.001          1943    3         14.999           0.100
7620.818        12.001          1946    3         14.999           0.100
7632.820        12.002          1949    3         14.998           0.100
7644.821        12.001          1952    3         14.999           0.100
7656.822        12.001          1953    1          5.000           0.033
7668.824        12.002          1955    2          9.998           0.067
7680.825        12.001          1959    4         19.998           0.134
7692.826        12.001          1963    4         19.998           0.134
7704.827        12.001          1965    2          9.999           0.067
7716.829        12.002          1967    2          9.998           0.067
7728.830        12.001          1969    2          9.999           0.067
7740.831        12.001          1970    1          5.000           0.033
7752.833        12.002          1972    2          9.998           0.067
7764.834        12.001          1975    3         14.999           0.100
7776.835        12.001          1976    1          5.000           0.033
7788.836        12.001          1978    2          9.999           0.067
7800.838        12.002          1981    3         14.998           0.100
7812.839        12.001          1984    3         14.999           0.100
7824.840        12.001          1986    2          9.999           0.067
7836.841        12.001          1988    2          9.999           0.067
7848.843        12.002          1991    3         14.998           0.100
7860.844        12.001          1991    0          0.000           0.000
7872.845        12.001          1994    3         14.999           0.100
7884.847        12.002          1997    3         14.998           0.100
7896.848        12.001          2000    3         14.999           0.100
7908.849        12.001          2003    3         14.999           0.100
7920.850        12.001          2005    2          9.999           0.067
7932.852        12.002          2010    5         24.996           0.167
7944.853        12.001          2013    3         14.999           0.100
7956.854        12.001          2014    1          5.000           0.033
7968.856        12.002          2019    5         24.996           0.167
7980.857        12.001          2023    4         19.998           0.134
7992.858        12.001          2028    5         24.998           0.167
8004.859        12.001          2029    1          5.000           0.033
8016.861        12.002          2032    3         14.998           0.100
8028.862        12.001          2033    1          5.000           0.033
8040.863        12.001          2034    1          5.000           0.033
8052.865        12.002          2035    1          4.999           0.033
8064.866        12.001          2038    3         14.999           0.100
8076.867        12.001          2041    3         14.999           0.100
8088.868        12.001          2043    2          9.999           0.067
8100.870        12.002          2044    1          4.999           0.033
8112.871        12.001          2050    6         29.997           0.201
8124.872        12.001          2053    3         14.999           0.100
8136.873        12.001          2057    4         19.998           0.134
8148.875        12.002          2060    3         14.998           0.100
8160.876        12.001          2063    3         14.999           0.100
8172.877        12.001          2065    2          9.999           0.067
8184.879        12.002          2070    5         24.996           0.167
8196.880        12.001          2071    1          5.000           0.033
8208.881        12.001          2075    4         19.998           0.134
8220.882        12.001          2080    5         24.998           0.167
8232.884        12.002          2089    9         44.993           0.301
8244.885        12.001          2090    1          5.000           0.033
8256.886        12.001          2090    0          0.000           0.000
8268.888        12.002          2091    1          4.999           0.033
8280.889        12.001          2094    3         14.999           0.100
8292.890        12.001          2097    3         14.999           0.100
8304.891        12.001          2098    1          5.000           0.033
8316.893        12.002          2104    6         29.995           0.201
8328.894        12.001          2109    5         24.998           0.167
8340.895        12.001          2113    4         19.998           0.134
8352.897        12.002          2115    2          9.998           0.067
8364.898        12.001          2115    0          0.000           0.000
8376.899        12.001          2116    1          5.000           0.033
8388.900        12.001          2116    0          0.000           0.000
8400.902        12.002          2121    5         24.996           0.167
8412.903        12.001          2124    3         14.999           0.100
8424.904        12.001          2126    2          9.999           0.067
8436.905        12.001          2128    2          9.999           0.067
8448.907        12.002          2132    4         19.997           0.134
8460.908        12.001          2135    3         14.999           0.100
8472.909        12.001          2139    4         19.998           0.134
8484.911        12.002          2145    6         29.995           0.201
8496.912        12.001          2148    3         14.999           0.100
8508.913        12.001          2149    1          5.000           0.033
8520.914        12.001          2154    5         24.998           0.167
8532.916        12.002          2156    2          9.998           0.067
8544.917        12.001          2157    1          5.000           0.033
8556.918        12.001          2159    2          9.999           0.067
8568.920        12.002          2161    2          9.998           0.067
8580.921        12.001          2170    9         44.996           0.301
8592.922        12.001          2171    1          5.000           0.033
8604.923        12.001          2175    4         19.998           0.134
8616.925        12.002          2179    4         19.997           0.134
8628.926        12.001          2184    5         24.998           0.167
8640.927        12.001          2187    3         14.999           0.100
8652.929        12.002          2188    1          4.999           0.033
8664.930        12.001          2191    3         14.999           0.100
8676.931        12.001          2193    2          9.999           0.067
8688.932        12.001          2195    2          9.999           0.067
8700.934        12.002          2197    2          9.998           0.067
8712.935        12.001          2199    2          9.999           0.067
8724.936        12.001          2200    1          5.000           0.033
8736.937        12.001          2202    2          9.999           0.067
8748.939        12.002          2206    4         19.997           0.134
8760.940        12.001          2210    4         19.998           0.134
8772.941        12.001          2213    3         14.999           0.100
8784.943        12.002          2216    3         14.998           0.100
8796.944        12.001          2216    0          0.000           0.000
8808.945        12.001          2220    4         19.998           0.134
8820.946        12.001          2223    3         14.999           0.100
8832.948        12.002          2226    3         14.998           0.100
8844.949        12.001          2228    2          9.999           0.067
8856.950        12.001          2232    4         19.998           0.134
8868.952        12.002          2235    3         14.998           0.100
8880.953        12.001          2236    1          5.000           0.033
8892.954        12.001          2240    4         19.998           0.134
8904.955        12.001          2242    2          9.999           0.067
8916.957        12.002          2245    3         14.998           0.100
8928.958        12.001          2249    4         19.998           0.134
8940.959        12.001          2253    4         19.998           0.134
8952.961        12.002          2255    2          9.998           0.067
8964.962        12.001          2258    3         14.999           0.100
8976.963        12.001          2261    3         14.999           0.100
8988.964        12.001          2263    2          9.999           0.067
9000.966        12.002          2268    5         24.996           0.167
9012.967        12.001          2271    3         14.999           0.100
9024.968        12.001          2272    1          5.000           0.033
9036.969        12.001          2275    3         14.999           0.100
9048.971        12.002          2277    2          9.998           0.067
9060.972        12.001          2282    5         24.998           0.167
9072.973        12.001          2287    5         24.998           0.167
9084.975        12.002          2287    0          0.000           0.000
9096.976        12.001          2291    4         19.998           0.134
9108.977        12.001          2294    3         14.999           0.100
9120.978        12.001          2298    4         19.998           0.134
9132.980        12.002          2300    2          9.998           0.067
9144.981        12.001          2303    3         14.999           0.100
9156.982        12.001          2307    4         19.998           0.134
9168.984        12.002          2312    5         24.996           0.167
9180.985        12.001          2313    1          5.000           0.033
9192.986        12.001          2315    2          9.999           0.067
9204.987        12.001          2319    4         19.998           0.134
9216.989        12.002          2322    3         14.998           0.100
9228.990        12.001          2323    1          5.000           0.033
9240.991        12.001          2325    2          9.999           0.067
9252.993        12.002          2327    2          9.998           0.067
9264.994        12.001          2329    2          9.999           0.067
9276.995        12.001          2333    4         19.998           0.134
9288.996        12.001          2338    5         24.998           0.167
9300.998        12.002          2340    2          9.998           0.067
9312.999        12.001          2344    4         19.998           0.134
9325.000        12.001          2349    5         24.998           0.167
9337.001        12.001          2350    1          5.000           0.033
9349.003        12.002          2350    0          0.000           0.000
9361.004        12.001          2350    0          0.000           0.000
9373.005        12.001          2353    3         14.999           0.100
9385.007        12.002          2355    2          9.998           0.067
9397.008        12.001          2356    1          5.000           0.033
9409.009        12.001          2362    6         29.997           0.201
9421.010        12.001          2364    2          9.999           0.067
9433.012        12.002          2369    5         24.996           0.167
9445.013        12.001          2372    3         14.999           0.100
9457.014        12.001          2379    7         34.997           0.234
9469.016        12.002          2381    2          9.998           0.067
9481.017        12.001          2388    7         34.997           0.234
9493.018        12.001          2396    8         39.997           0.268
9505.019        12.001          2397    1          5.000           0.033
9517.021        12.002          2400    3         14.998           0.100
9529.022        12.001          2403    3         14.999           0.100
9541.023        12.001          2406    3         14.999           0.100
9553.025        12.002          2408    2          9.998           0.067
9565.026        12.001          2412    4         19.998           0.134
9577.027        12.001          2417    5         24.998           0.167
9589.028        12.001          2419    2          9.999           0.067
9601.030        12.002          2420    1          4.999           0.033
9613.031        12.001          2422    2          9.999           0.067
9625.032        12.001          2427    5         24.998           0.167
9637.033        12.001          2430    3         14.999           0.100
9649.035        12.002          2431    1          4.999           0.033
9661.036        12.001          2433    2          9.999           0.067
9673.037        12.001          2438    5         24.998           0.167
9685.039        12.002          2446    8         39.993           0.268
9697.040        12.001          2446    0          0.000           0.000
9709.041        12.001          2447    1          5.000           0.033
9721.042        12.001          2450    3         14.999           0.100
9733.044        12.002          2456    6         29.995           0.201
9745.045        12.001          2457    1          5.000           0.033
9757.046        12.001          2460    3         14.999           0.100
9769.048        12.002          2461    1          4.999           0.033
9781.049        12.001          2464    3         14.999           0.100
9793.050        12.001          2470    6         29.997           0.201
9805.051        12.001          2475    5         24.998           0.167
9817.053        12.002          2476    1          4.999           0.033
9829.054        12.001          2482    6         29.997           0.201
9841.055        12.001          2483    1          5.000           0.033
9853.057        12.002          2486    3         14.998           0.100
9865.058        12.001          2491    5         24.998           0.167
9877.059        12.001          2492    1          5.000           0.033
9889.060        12.001          2495    3         14.999           0.100
9901.062        12.002          2496    1          4.999           0.033
9913.063        12.001          2496    0          0.000           0.000
9925.064        12.001          2497    1          5.000           0.033
9937.065        12.001          2502    5         24.998           0.167
9949.067        12.002          2504    2          9.998           0.067
9961.068        12.001          2506    2          9.999           0.067
9973.069        12.001          2508    2          9.999           0.067
9985.071        12.002          2509    1          4.999           0.033
9997.072        12.001          2511    2          9.999           0.067
10009.073       12.001          2513    2          9.999           0.067
10021.074       12.001          2517    4         19.998           0.134
10033.076       12.002          2518    1          4.999           0.033
10045.077       12.001          2521    3         14.999           0.100
10057.078       12.001          2527    6         29.997           0.201
10069.080       12.002          2527    0          0.000           0.000
10081.081       12.001          2529    2          9.999           0.067
10093.082       12.001          2531    2          9.999           0.067
10105.083       12.001          2535    4         19.998           0.134
10117.085       12.002          2538    3         14.998           0.100
10129.086       12.001          2538    0          0.000           0.000
10141.087       12.001          2540    2          9.999           0.067
10153.089       12.002          2544    4         19.997           0.134
10165.090       12.001          2546    2          9.999           0.067
10177.091       12.001          2551    5         24.998           0.167
10189.092       12.001          2553    2          9.999           0.067
10201.094       12.002          2555    2          9.998           0.067
10213.095       12.001          2555    0          0.000           0.000
10225.096       12.001          2557    2          9.999           0.067
10237.097       12.001          2561    4         19.998           0.134
10249.099       12.002          2564    3         14.998           0.100
10261.100       12.001          2564    0          0.000           0.000
10273.101       12.001          2568    4         19.998           0.134
10285.103       12.002          2571    3         14.998           0.100
10297.104       12.001          2575    4         19.998           0.134
10309.105       12.001          2578    3         14.999           0.100
10321.106       12.001          2582    4         19.998           0.134
10333.108       12.002          2586    4         19.997           0.134
10345.109       12.001          2588    2          9.999           0.067
10357.110       12.001          2591    3         14.999           0.100
10369.112       12.002          2595    4         19.997           0.134
10381.113       12.001          2598    3         14.999           0.100
10393.114       12.001          2601    3         14.999           0.100
10405.115       12.001          2603    2          9.999           0.067
10417.117       12.002          2605    2          9.998           0.067
10429.118       12.001          2606    1          5.000           0.033
10441.119       12.001          2607    1          5.000           0.033
10453.121       12.002          2608    1          4.999           0.033
10465.122       12.001          2610    2          9.999           0.067
10477.123       12.001          2615    5         24.998           0.167
10489.124       12.001          2618    3         14.999           0.100
10501.126       12.002          2624    6         29.995           0.201
10513.127       12.001          2625    1          5.000           0.033
10525.128       12.001          2626    1          5.000           0.033
10537.129       12.001          2630    4         19.998           0.134
10549.131       12.002          2634    4         19.997           0.134
10561.132       12.001          2635    1          5.000           0.033
10573.133       12.001          2638    3         14.999           0.100
10585.135       12.002          2639    1          4.999           0.033
10597.136       12.001          2639    0          0.000           0.000
10609.137       12.001          2641    2          9.999           0.067
10621.138       12.001          2645    4         19.998           0.134
10633.140       12.002          2646    1          4.999           0.033
10645.141       12.001          2648    2          9.999           0.067
10657.142       12.001          2650    2          9.999           0.067
10669.144       12.002          2654    4         19.997           0.134
10681.145       12.001          2660    6         29.997           0.201
10693.146       12.001          2661    1          5.000           0.033
10705.147       12.001          2663    2          9.999           0.067
10717.149       12.002          2667    4         19.997           0.134
10729.150       12.001          2671    4         19.998           0.134
10741.151       12.001          2673    2          9.999           0.067
10753.153       12.002          2677    4         19.997           0.134
10765.154       12.001          2679    2          9.999           0.067
10777.155       12.001          2679    0          0.000           0.000
10789.156       12.001          2679    0          0.000           0.000
10801.158       12.002          2682    3         14.998           0.100
10813.159       12.001          2684    2          9.999           0.067
10825.160       12.001          2687    3         14.999           0.100
10837.161       12.001          2690    3         14.999           0.100
